Using pre-set license

 COMMAND LINE ARGUMENTS:
/Applications/Unity/Hub/Editor/2020.3.1f1/Unity.app/Contents/MacOS/Unity
-adb2
-batchMode
-noUpm
-name
AssetImportWorker0
-projectPath
/Users/julesmacaire/Documents/Projets/Unity/POC-ConnexionSAML
-logFile
Logs/AssetImportWorker0.log
-srvPort
55629
Successfully changed project path to: /Users/julesmacaire/Documents/Projets/Unity/POC-ConnexionSAML
/Users/julesmacaire/Documents/Projets/Unity/POC-ConnexionSAML
Using Asset Import Pipeline V2.
Refreshing native plugins compatible for Editor in 29.07 ms, found 2 plugins.
Preloading 0 native plugins for Editor in 0.00 ms.
Initialize engine version: 2020.3.1f1 (77a89f25062f)
[Subsystems] Discovering subsystems at path /Applications/Unity/Hub/Editor/2020.3.1f1/Unity.app/Contents/Resources/UnitySubsystems
[Subsystems] Discovering subsystems at path /Users/julesmacaire/Documents/Projets/Unity/POC-ConnexionSAML/Assets
GfxDevice: creating device client; threaded=0
2021-04-29 10:52:17.850 Unity[14348:945794] Color LCD preferred device: AMD Radeon Pro 5300M (high power)
2021-04-29 10:52:17.850 Unity[14348:945794] Metal devices available: 2
2021-04-29 10:52:17.850 Unity[14348:945794] 0: AMD Radeon Pro 5300M (high power)
2021-04-29 10:52:17.850 Unity[14348:945794] 1: Intel(R) UHD Graphics 630 (low power)
2021-04-29 10:52:17.850 Unity[14348:945794] Using device AMD Radeon Pro 5300M (high power)
Initializing Metal device caps: AMD Radeon Pro 5300M
Initialize mono
Mono path[0] = '/Applications/Unity/Hub/Editor/2020.3.1f1/Unity.app/Contents/Managed'
Mono path[1] = '/Applications/Unity/Hub/Editor/2020.3.1f1/Unity.app/Contents/MonoBleedingEdge/lib/mono/unityjit'
Mono config path = '/Applications/Unity/Hub/Editor/2020.3.1f1/Unity.app/Contents/MonoBleedingEdge/etc'
Using monoOptions --debugger-agent=transport=dt_socket,embedding=1,server=y,suspend=n,address=127.0.0.1:56348
Begin MonoManager ReloadAssembly
Registering precompiled unity dll's ...
Register platform support module: /Applications/Unity/Hub/Editor/2020.3.1f1/PlaybackEngines/WebGLSupport/UnityEditor.WebGL.Extensions.dll
Register platform support module: /Applications/Unity/Hub/Editor/2020.3.1f1/Unity.app/Contents/PlaybackEngines/MacStandaloneSupport/UnityEditor.OSXStandalone.Extensions.dll
Register platform support module: /Applications/Unity/Hub/Editor/2020.3.1f1/PlaybackEngines/WindowsStandaloneSupport/UnityEditor.WindowsStandalone.Extensions.dll
Registered in 0.002979 seconds.
Native extension for WindowsStandalone target not found
Native extension for OSXStandalone target not found
Native extension for WebGL target not found
Refreshing native plugins compatible for Editor in 22.11 ms, found 2 plugins.
Preloading 0 native plugins for Editor in 0.00 ms.
Invoked RoslynAnalysisRunner static constructor.
RoslynAnalysisRunner will not be running.
RoslynAnalysisRunner has terminated.
Mono: successfully reloaded assembly
- Completed reload, in  2.645 seconds
Platform modules already initialized, skipping
Registering precompiled user dll's ...
Registered in 0.001064 seconds.
Begin MonoManager ReloadAssembly
Native extension for WindowsStandalone target not found
Native extension for OSXStandalone target not found
Native extension for WebGL target not found
Refreshing native plugins compatible for Editor in 0.21 ms, found 2 plugins.
Preloading 0 native plugins for Editor in 0.00 ms.
Invoked RoslynAnalysisRunner static constructor.
RoslynAnalysisRunner will not be running.
RoslynAnalysisRunner has terminated.
Mono: successfully reloaded assembly
- Completed reload, in  0.921 seconds
Platform modules already initialized, skipping
========================================================================
Worker process is ready to serve import requests
Launching external process: /Applications/Unity/Hub/Editor/2020.3.1f1/Unity.app/Contents/Tools/UnityShaderCompiler
Launched and connected shader compiler UnityShaderCompiler after 0.01 seconds
Refreshing native plugins compatible for Editor in 0.23 ms, found 2 plugins.
Preloading 0 native plugins for Editor in 0.00 ms.
Unloading 1135 Unused Serialized files (Serialized files now loaded: 0)
System memory in use before: 115.0 MB.
System memory in use after: 115.0 MB.

Unloading 13 unused Assets to reduce memory usage. Loaded Objects now: 1574.
Total: 2.026496 ms (FindLiveObjects: 0.155230 ms CreateObjectMapping: 0.040785 ms MarkObjects: 1.717283 ms  DeleteObjects: 0.112372 ms)

========================================================================
Received Import Request.
  path: Assets/UniWebView
  artifactKey: Guid(92454175c62504ab5bf7128917b56362) Importer(815301076,1909f56bfc062723c751e8b465ee728b)
Start importing Assets/UniWebView using Guid(92454175c62504ab5bf7128917b56362) Importer(815301076,1909f56bfc062723c751e8b465ee728b)  -> (artifact id: 'a4a75dccd3c8cffc64ec1f0888cdf105') in 0.003368 seconds
  Import took 0.005653 seconds .

========================================================================
Received Import Request.
  Time since last request: 0.000150 seconds.
  path: Assets/UniWebView/UniWebView-CSharp.asmdef
  artifactKey: Guid(4ca033ee547ec451c8a2d3c33d7620ad) Importer(815301076,1909f56bfc062723c751e8b465ee728b)
Start importing Assets/UniWebView/UniWebView-CSharp.asmdef using Guid(4ca033ee547ec451c8a2d3c33d7620ad) Importer(815301076,1909f56bfc062723c751e8b465ee728b)  -> (artifact id: '5ead9d93c49587c39e09a94f497b65fd') in 0.384624 seconds
  Import took 0.386810 seconds .

========================================================================
Received Import Request.
  Time since last request: 2.463086 seconds.
  path: Assets/UniWebView/Prefab
  artifactKey: Guid(d5d657f2ee1114e20bccaace74235a99) Importer(815301076,1909f56bfc062723c751e8b465ee728b)
Start importing Assets/UniWebView/Prefab using Guid(d5d657f2ee1114e20bccaace74235a99) Importer(815301076,1909f56bfc062723c751e8b465ee728b)  -> (artifact id: 'e874cff7cd8059c976de381bebee3b6a') in 0.001157 seconds
  Import took 0.003242 seconds .

========================================================================
Received Import Request.
  Time since last request: 0.070927 seconds.
  path: Assets/UniWebView/Prefab/UniWebView.prefab
  artifactKey: Guid(7e3f16a6f6303419cbd9837f6c746de4) Importer(815301076,1909f56bfc062723c751e8b465ee728b)
Start importing Assets/UniWebView/Prefab/UniWebView.prefab using Guid(7e3f16a6f6303419cbd9837f6c746de4) Importer(815301076,1909f56bfc062723c751e8b465ee728b)  -> (artifact id: '5c4e01f2ebab649cc1f5bcf19f96becb') in 0.198403 seconds
  Import took 0.201118 seconds .

========================================================================
Received Import Request.
  Time since last request: 0.000209 seconds.
  path: Assets/UniWebView/Prefab/UniWebViewSafeBrowsing.prefab
  artifactKey: Guid(2d6c4899a63004f16bb4f791176f4ad3) Importer(815301076,1909f56bfc062723c751e8b465ee728b)
Start importing Assets/UniWebView/Prefab/UniWebViewSafeBrowsing.prefab using Guid(2d6c4899a63004f16bb4f791176f4ad3) Importer(815301076,1909f56bfc062723c751e8b465ee728b)  -> (artifact id: 'eaf5cca6942476b5cf6f6d6993e106c5') in 0.004206 seconds
  Import took 0.006947 seconds .

========================================================================
Received Prepare
Registering precompiled user dll's ...
Registered in 0.000401 seconds.
Begin MonoManager ReloadAssembly
Native extension for WindowsStandalone target not found
Native extension for OSXStandalone target not found
Native extension for WebGL target not found
Refreshing native plugins compatible for Editor in 0.24 ms, found 2 plugins.
Preloading 0 native plugins for Editor in 0.00 ms.
Invoked RoslynAnalysisRunner static constructor.
RoslynAnalysisRunner will not be running.
RoslynAnalysisRunner has terminated.
Mono: successfully reloaded assembly
- Completed reload, in  0.916 seconds
Platform modules already initialized, skipping
Refreshing native plugins compatible for Editor in 0.21 ms, found 2 plugins.
Preloading 0 native plugins for Editor in 0.00 ms.
Unloading 1130 Unused Serialized files (Serialized files now loaded: 0)
System memory in use before: 123.8 MB.
System memory in use after: 123.9 MB.

Unloading 8 unused Assets to reduce memory usage. Loaded Objects now: 1577.
Total: 1.427515 ms (FindLiveObjects: 0.126854 ms CreateObjectMapping: 0.031199 ms MarkObjects: 1.219649 ms  DeleteObjects: 0.048912 ms)

========================================================================
Received Prepare
Registering precompiled user dll's ...
Registered in 0.000456 seconds.
Begin MonoManager ReloadAssembly
Native extension for WindowsStandalone target not found
Native extension for OSXStandalone target not found
Native extension for WebGL target not found
Refreshing native plugins compatible for Editor in 0.30 ms, found 2 plugins.
Preloading 0 native plugins for Editor in 0.00 ms.
Invoked RoslynAnalysisRunner static constructor.
RoslynAnalysisRunner will not be running.
RoslynAnalysisRunner has terminated.
Mono: successfully reloaded assembly
- Completed reload, in  0.903 seconds
Platform modules already initialized, skipping
Refreshing native plugins compatible for Editor in 0.25 ms, found 2 plugins.
Preloading 0 native plugins for Editor in 0.00 ms.
Unloading 1130 Unused Serialized files (Serialized files now loaded: 0)
System memory in use before: 124.0 MB.
System memory in use after: 124.1 MB.

Unloading 8 unused Assets to reduce memory usage. Loaded Objects now: 1580.
Total: 1.711380 ms (FindLiveObjects: 0.154572 ms CreateObjectMapping: 0.037717 ms MarkObjects: 1.473573 ms  DeleteObjects: 0.044509 ms)

========================================================================
Received Prepare
Registering precompiled user dll's ...
Registered in 0.000580 seconds.
Begin MonoManager ReloadAssembly
Native extension for WindowsStandalone target not found
Native extension for OSXStandalone target not found
Native extension for WebGL target not found
Refreshing native plugins compatible for Editor in 0.25 ms, found 2 plugins.
Preloading 0 native plugins for Editor in 0.00 ms.
Invoked RoslynAnalysisRunner static constructor.
RoslynAnalysisRunner will not be running.
RoslynAnalysisRunner has terminated.
Mono: successfully reloaded assembly
- Completed reload, in  1.052 seconds
Platform modules already initialized, skipping
Refreshing native plugins compatible for Editor in 0.23 ms, found 2 plugins.
Preloading 0 native plugins for Editor in 0.00 ms.
Unloading 1130 Unused Serialized files (Serialized files now loaded: 0)
System memory in use before: 124.2 MB.
System memory in use after: 124.3 MB.

Unloading 8 unused Assets to reduce memory usage. Loaded Objects now: 1583.
Total: 1.802125 ms (FindLiveObjects: 0.201822 ms CreateObjectMapping: 0.047768 ms MarkObjects: 1.502976 ms  DeleteObjects: 0.047213 ms)

========================================================================
Received Prepare
Registering precompiled user dll's ...
Registered in 0.000444 seconds.
Begin MonoManager ReloadAssembly
Native extension for WindowsStandalone target not found
Native extension for OSXStandalone target not found
Native extension for WebGL target not found
Refreshing native plugins compatible for Editor in 0.22 ms, found 2 plugins.
Preloading 0 native plugins for Editor in 0.00 ms.
Invoked RoslynAnalysisRunner static constructor.
RoslynAnalysisRunner will not be running.
RoslynAnalysisRunner has terminated.
Mono: successfully reloaded assembly
- Completed reload, in  0.956 seconds
Platform modules already initialized, skipping
Refreshing native plugins compatible for Editor in 0.22 ms, found 2 plugins.
Preloading 0 native plugins for Editor in 0.00 ms.
Unloading 1130 Unused Serialized files (Serialized files now loaded: 0)
System memory in use before: 124.4 MB.
System memory in use after: 124.5 MB.

Unloading 8 unused Assets to reduce memory usage. Loaded Objects now: 1586.
Total: 1.430747 ms (FindLiveObjects: 0.134464 ms CreateObjectMapping: 0.032870 ms MarkObjects: 1.220948 ms  DeleteObjects: 0.041472 ms)

========================================================================
Received Prepare
Registering precompiled user dll's ...
Registered in 0.000415 seconds.
Begin MonoManager ReloadAssembly
Native extension for WindowsStandalone target not found
Native extension for OSXStandalone target not found
Native extension for WebGL target not found
Refreshing native plugins compatible for Editor in 0.27 ms, found 2 plugins.
Preloading 0 native plugins for Editor in 0.00 ms.
Invoked RoslynAnalysisRunner static constructor.
RoslynAnalysisRunner will not be running.
RoslynAnalysisRunner has terminated.
Mono: successfully reloaded assembly
- Completed reload, in  0.825 seconds
Platform modules already initialized, skipping
Refreshing native plugins compatible for Editor in 0.21 ms, found 2 plugins.
Preloading 0 native plugins for Editor in 0.00 ms.
Unloading 1130 Unused Serialized files (Serialized files now loaded: 0)
System memory in use before: 124.5 MB.
System memory in use after: 124.6 MB.

Unloading 8 unused Assets to reduce memory usage. Loaded Objects now: 1589.
Total: 1.372349 ms (FindLiveObjects: 0.150669 ms CreateObjectMapping: 0.031018 ms MarkObjects: 1.154490 ms  DeleteObjects: 0.035357 ms)

